\BOOKMARK [1][-]{section.1}{Mathematical Modelling}{}% 1
\BOOKMARK [1][-]{Item.15}{Lesson 1: Defining Problem Statement}{}% 2
\BOOKMARK [2][-]{section*.1}{1}{Item.15}% 3
\BOOKMARK [2][-]{section*.1}{2}{Item.15}% 4
\BOOKMARK [1][-]{Item.17}{Lesson 2: Defining Problem Statement}{}% 5
\BOOKMARK [2][-]{section*.2}{3}{Item.17}% 6
\BOOKMARK [2][-]{section*.2}{4}{Item.17}% 7
\BOOKMARK [1][-]{Item.19}{Lesson 3: Making Assumptions}{}% 8
\BOOKMARK [2][-]{section*.3}{5}{Item.19}% 9
\BOOKMARK [2][-]{Item.22}{6}{Item.19}% 10
\BOOKMARK [1][-]{Item.22}{Lesson 4: Construct a model}{}% 11
\BOOKMARK [2][-]{section*.4}{7}{Item.22}% 12
\BOOKMARK [1][-]{Item.26}{Lesson 5: Model Assessment}{}% 13
\BOOKMARK [2][-]{section*.5}{8}{Item.26}% 14
\BOOKMARK [1][-]{section.2}{First-Order Differential Equations}{}% 15
\BOOKMARK [1][-]{section.2}{Lesson 6: Solutions of Differential Equations}{}% 16
\BOOKMARK [2][-]{section*.6}{9}{section.2}% 17
\BOOKMARK [2][-]{section*.6}{10}{section.2}% 18
\BOOKMARK [2][-]{section*.6}{11}{section.2}% 19
\BOOKMARK [2][-]{Item.31}{12}{section.2}% 20
\BOOKMARK [1][-]{Item.35}{Lesson 7: Slope Fields}{}% 21
\BOOKMARK [2][-]{section*.7}{13}{Item.35}% 22
\BOOKMARK [2][-]{Item.37}{14}{Item.35}% 23
\BOOKMARK [2][-]{Item.39}{15}{Item.35}% 24
\BOOKMARK [2][-]{Item.41}{16}{Item.35}% 25
\BOOKMARK [1][-]{Item.47}{Lesson 8: Approximating Solutions}{}% 26
\BOOKMARK [2][-]{section*.8}{17}{Item.47}% 27
\BOOKMARK [2][-]{Item.50}{18}{Item.47}% 28
\BOOKMARK [2][-]{Item.56}{19}{Item.47}% 29
\BOOKMARK [1][-]{Item.56}{Lesson 9: Modelling with Differential Equations}{}% 30
\BOOKMARK [2][-]{section*.9}{20}{Item.56}% 31
\BOOKMARK [1][-]{Item.63}{Lesson 10: Modelling with Differential Equations}{}% 32
\BOOKMARK [2][-]{section*.10}{21}{Item.63}% 33
\BOOKMARK [1][-]{section*.10}{Lesson 11: Solvable Types of Differential Equations}{}% 34
\BOOKMARK [2][-]{section*.11}{22}{section*.10}% 35
\BOOKMARK [2][-]{Item.67}{23}{section*.10}% 36
\BOOKMARK [1][-]{Item.70}{Lesson 12: Properties of Differential Equations}{}% 37
\BOOKMARK [2][-]{section*.12}{24}{Item.70}% 38
\BOOKMARK [2][-]{Item.75}{25}{Item.70}% 39
\BOOKMARK [2][-]{Item.80}{26}{Item.70}% 40
\BOOKMARK [2][-]{Item.82}{27}{Item.70}% 41
\BOOKMARK [1][-]{Item.86}{Lesson 13: Autonomous Differential Equations}{}% 42
\BOOKMARK [2][-]{section*.13}{28}{Item.86}% 43
\BOOKMARK [2][-]{Item.92}{29}{Item.86}% 44
\BOOKMARK [2][-]{Item.102}{30}{Item.86}% 45
\BOOKMARK [1][-]{section.3}{Models of Systems}{}% 46
\BOOKMARK [1][-]{section.3}{Lesson 14: Modelling Two Quantities}{}% 47
\BOOKMARK [2][-]{section*.14}{31}{section.3}% 48
\BOOKMARK [2][-]{Item.117}{32}{section.3}% 49
\BOOKMARK [1][-]{Item.117}{Lesson 15: Systems of two linear ODEs with constant coefficients}{}% 50
\BOOKMARK [2][-]{section*.15}{33}{Item.117}% 51
\BOOKMARK [2][-]{Item.123}{34}{Item.117}% 52
\BOOKMARK [2][-]{Item.130}{35}{Item.117}% 53
\BOOKMARK [1][-]{Item.133}{Lesson 16: Phase Portraits}{}% 54
\BOOKMARK [2][-]{section*.16}{36}{Item.133}% 55
\BOOKMARK [2][-]{Item.139}{37}{Item.133}% 56
\BOOKMARK [2][-]{Item.141}{38}{Item.133}% 57
\BOOKMARK [1][-]{Item.143}{Lesson 17: Analysis of Models with Systems}{}% 58
\BOOKMARK [2][-]{section*.17}{39}{Item.143}% 59
\BOOKMARK [1][-]{section.4}{Higher-Order Models}{}% 60
\BOOKMARK [1][-]{section.4}{Lesson 18: Modelling with Second-Order ODEs}{}% 61
\BOOKMARK [2][-]{section*.18}{40}{section.4}% 62
\BOOKMARK [2][-]{Item.154}{41}{section.4}% 63
\BOOKMARK [1][-]{Item.154}{Lesson 19: Second-Order Linear ODEs with Constant Coefficients}{}% 64
\BOOKMARK [2][-]{section*.19}{42}{Item.154}% 65
\BOOKMARK [2][-]{Item.158}{43}{Item.154}% 66
\BOOKMARK [2][-]{Item.161}{44}{Item.154}% 67
\BOOKMARK [1][-]{Item.164}{Lesson 20: Analysis of Models with Higher Order ODEs}{}% 68
\BOOKMARK [2][-]{section*.20}{45}{Item.164}% 69
\BOOKMARK [2][-]{Item.171}{46}{Item.164}% 70
\BOOKMARK [1][-]{section.5}{Difference Equations}{}% 71
\BOOKMARK [1][-]{section.5}{Lesson 21: Introduction to Difference Equations}{}% 72
\BOOKMARK [1][-]{section.5}{Lesson 22: Solving Difference Equations}{}% 73
\BOOKMARK [2][-]{section*.21}{47}{section.5}% 74
\BOOKMARK [2][-]{Item.177}{48}{section.5}% 75
\BOOKMARK [1][-]{Item.177}{Lesson 23: Modelling with Difference Equations}{}% 76
\BOOKMARK [2][-]{section*.22}{49}{Item.177}% 77
\BOOKMARK [2][-]{section*.22}{50}{Item.177}% 78
\BOOKMARK [2][-]{Item.179}{51}{Item.177}% 79
\BOOKMARK [2][-]{Item.182}{52}{Item.177}% 80
\BOOKMARK [2][-]{Item.182}{53}{Item.177}% 81
\BOOKMARK [1][-]{Item.188}{Lesson 24: Analysis of Difference Equations}{}% 82
\BOOKMARK [2][-]{section*.23}{54}{Item.188}% 83
\BOOKMARK [2][-]{Item.192}{55}{Item.188}% 84
\BOOKMARK [2][-]{Item.197}{56}{Item.188}% 85
\BOOKMARK [1][-]{section.6}{Projects}{}% 86
\BOOKMARK [1][-]{section.6}{Project 1: Managing a fishery}{}% 87
\BOOKMARK [1][-]{Item.214}{Project 2: X-ray attenuation}{}% 88
\BOOKMARK [1][-]{Item.219}{Project 3: Predator-prey chase}{}% 89
\BOOKMARK [1][-]{Item.233}{Project 4: Epidemic modelling}{}% 90
\BOOKMARK [1][-]{Item.248}{Project 5: Hunting inspiration}{}% 91
\BOOKMARK [1][-]{Item.258}{Project 6: Arms race}{}% 92
\BOOKMARK [1][-]{Item.275}{Project 7: Spring data}{}% 93
\BOOKMARK [1][-]{Item.281}{Project 8: Wing flutter}{}% 94
\BOOKMARK [1][-]{Item.295}{Project 9: Bullwhip effect}{}% 95
\BOOKMARK [1][-]{Item.319}{Project 10: Approximating the temperature of a thin sheet}{}% 96
\BOOKMARK [1][-]{Item.332}{Project 11: Math of lungs}{}% 97
\BOOKMARK [1][-]{Item.344}{Project 12: Dark day}{}% 98
